07/19/2021 15:33:34 Entered ServiceMain
07/19/2021 15:33:34 Entered InitService
07/19/2021 15:33:34 Successfully created commands communications channel
07/19/2021 15:33:34 Successfully created results communications channel
07/19/2021 15:33:34 Exiting InitService
07/19/2021 15:33:34 *****Stopping SUService logging*****



07/19/2021 16:03:11 Returning to OS: 0

07/19/2021 16:03:11 *****Stopping SUService logging*****



07/19/2021 16:03:41 Entered ServiceMain
07/19/2021 16:03:41 Entered InitService
07/19/2021 16:03:41 Successfully created commands communications channel
07/19/2021 16:03:41 Successfully created results communications channel
07/19/2021 16:03:41 Exiting InitService
07/19/2021 16:03:41 *****Stopping SUService logging*****



07/19/2021 16:46:07 Returning to OS: 0

07/19/2021 16:46:07 *****Stopping SUService logging*****



07/19/2021 16:46:38 Entered ServiceMain
07/19/2021 16:46:38 Entered InitService
07/19/2021 16:46:38 Successfully created commands communications channel
07/19/2021 16:46:38 Successfully created results communications channel
07/19/2021 16:46:38 Exiting InitService
07/19/2021 16:46:38 *****Stopping SUService logging*****



08/25/2021 09:57:18 Returning to OS: 0

08/25/2021 09:57:18 *****Stopping SUService logging*****



08/25/2021 09:57:51 Entered ServiceMain
08/25/2021 09:57:51 Entered InitService
08/25/2021 09:57:51 Successfully created commands communications channel
08/25/2021 09:57:51 Successfully created results communications channel
08/25/2021 09:57:51 Exiting InitService
08/25/2021 09:57:51 *****Stopping SUService logging*****



08/31/2021 17:08:29 Returning to OS: 0

08/31/2021 17:08:29 *****Stopping SUService logging*****



08/31/2021 17:09:00 Entered ServiceMain
08/31/2021 17:09:00 Entered InitService
08/31/2021 17:09:00 Successfully created commands communications channel
08/31/2021 17:09:00 Successfully created results communications channel
08/31/2021 17:09:00 Exiting InitService
08/31/2021 17:09:00 *****Stopping SUService logging*****



08/31/2021 17:09:25 Returning to OS: 0

08/31/2021 17:09:25 *****Stopping SUService logging*****



09/01/2021 08:00:50 Entered ServiceMain
09/01/2021 08:00:50 Entered InitService
09/01/2021 08:00:50 Successfully created commands communications channel
09/01/2021 08:00:50 Successfully created results communications channel
09/01/2021 08:00:50 Exiting InitService
09/01/2021 08:00:50 *****Stopping SUService logging*****



09/02/2021 09:15:34 Returning to OS: 0

09/02/2021 09:15:34 *****Stopping SUService logging*****



09/02/2021 09:21:56 Entered ServiceMain
09/02/2021 09:21:56 Entered InitService
09/02/2021 09:21:56 Successfully created commands communications channel
09/02/2021 09:21:56 Successfully created results communications channel
09/02/2021 09:21:56 Exiting InitService
09/02/2021 09:21:56 *****Stopping SUService logging*****



09/02/2021 09:29:09 Returning to OS: 0

09/02/2021 09:29:09 *****Stopping SUService logging*****



09/02/2021 09:29:47 Entered ServiceMain
09/02/2021 09:29:47 Entered InitService
09/02/2021 09:29:47 Successfully created commands communications channel
09/02/2021 09:29:47 Successfully created results communications channel
09/02/2021 09:29:47 Exiting InitService
09/02/2021 09:29:47 *****Stopping SUService logging*****



09/17/2021 08:08:14 Entered ServiceMain
09/17/2021 08:08:14 Entered InitService
09/17/2021 08:08:14 Successfully created commands communications channel
09/17/2021 08:08:14 Successfully created results communications channel
09/17/2021 08:08:14 Exiting InitService
09/17/2021 08:08:14 *****Stopping SUService logging*****



09/20/2021 08:27:24 Returning to OS: 0

09/20/2021 08:27:24 *****Stopping SUService logging*****



09/20/2021 08:27:58 Entered ServiceMain
09/20/2021 08:27:58 Entered InitService
09/20/2021 08:27:58 Successfully created commands communications channel
09/20/2021 08:27:58 Successfully created results communications channel
09/20/2021 08:27:58 Exiting InitService
09/20/2021 08:27:58 *****Stopping SUService logging*****



09/22/2021 17:14:16 Returning to OS: 0

09/22/2021 17:14:16 *****Stopping SUService logging*****



09/22/2021 17:14:52 Entered ServiceMain
09/22/2021 17:14:52 Entered InitService
09/22/2021 17:14:52 Successfully created commands communications channel
09/22/2021 17:14:52 Successfully created results communications channel
09/22/2021 17:14:52 Exiting InitService
09/22/2021 17:14:52 *****Stopping SUService logging*****



09/22/2021 17:15:16 Returning to OS: 0

09/22/2021 17:15:16 *****Stopping SUService logging*****



09/22/2021 22:10:24 Entered ServiceMain
09/22/2021 22:10:24 Entered InitService
09/22/2021 22:10:24 Successfully created commands communications channel
09/22/2021 22:10:24 Successfully created results communications channel
09/22/2021 22:10:24 Exiting InitService
09/22/2021 22:10:24 *****Stopping SUService logging*****



09/30/2021 08:22:54 Returning to OS: 0

09/30/2021 08:22:54 *****Stopping SUService logging*****



09/30/2021 08:23:31 Entered ServiceMain
09/30/2021 08:23:31 Entered InitService
09/30/2021 08:23:31 Successfully created commands communications channel
09/30/2021 08:23:31 Successfully created results communications channel
09/30/2021 08:23:31 Exiting InitService
09/30/2021 08:23:31 *****Stopping SUService logging*****



09/30/2021 08:26:50 Returning to OS: 0

09/30/2021 08:26:50 *****Stopping SUService logging*****



09/30/2021 08:27:25 Entered ServiceMain
09/30/2021 08:27:25 Entered InitService
09/30/2021 08:27:25 Successfully created commands communications channel
09/30/2021 08:27:25 Successfully created results communications channel
09/30/2021 08:27:25 Exiting InitService
09/30/2021 08:27:25 *****Stopping SUService logging*****



09/30/2021 09:31:03 Returning to OS: 0

09/30/2021 09:31:03 *****Stopping SUService logging*****



09/30/2021 09:31:39 Entered ServiceMain
09/30/2021 09:31:39 Entered InitService
09/30/2021 09:31:39 Successfully created commands communications channel
09/30/2021 09:31:39 Successfully created results communications channel
09/30/2021 09:31:39 Exiting InitService
09/30/2021 09:31:39 *****Stopping SUService logging*****



09/30/2021 14:39:35 Returning to OS: 0

09/30/2021 14:39:35 *****Stopping SUService logging*****



09/30/2021 14:40:09 Entered ServiceMain
09/30/2021 14:40:09 Entered InitService
09/30/2021 14:40:09 Successfully created commands communications channel
09/30/2021 14:40:09 Successfully created results communications channel
09/30/2021 14:40:09 Exiting InitService
09/30/2021 14:40:09 *****Stopping SUService logging*****



10/06/2021 15:07:30 Returning to OS: 0

10/06/2021 15:07:30 *****Stopping SUService logging*****



10/06/2021 15:08:08 Entered ServiceMain
10/06/2021 15:08:08 Entered InitService
10/06/2021 15:08:08 Successfully created commands communications channel
10/06/2021 15:08:08 Successfully created results communications channel
10/06/2021 15:08:08 Exiting InitService
10/06/2021 15:08:08 *****Stopping SUService logging*****



10/06/2021 15:13:44 Returning to OS: 0

10/06/2021 15:13:44 *****Stopping SUService logging*****



10/06/2021 15:14:19 Entered ServiceMain
10/06/2021 15:14:19 Entered InitService
10/06/2021 15:14:19 Successfully created commands communications channel
10/06/2021 15:14:19 Successfully created results communications channel
10/06/2021 15:14:19 Exiting InitService
10/06/2021 15:14:19 *****Stopping SUService logging*****



10/20/2021 11:19:13 Returning to OS: 0

10/20/2021 11:19:13 *****Stopping SUService logging*****



10/20/2021 11:31:12 Entered ServiceMain
10/20/2021 11:31:12 Entered InitService
10/20/2021 11:31:12 Successfully created commands communications channel
10/20/2021 11:31:12 Successfully created results communications channel
10/20/2021 11:31:12 Exiting InitService
10/20/2021 11:31:12 *****Stopping SUService logging*****



10/20/2021 11:32:17 Returning to OS: 0

10/20/2021 11:32:17 *****Stopping SUService logging*****



10/20/2021 11:32:58 Entered ServiceMain
10/20/2021 11:32:58 Entered InitService
10/20/2021 11:32:58 Successfully created commands communications channel
10/20/2021 11:32:58 Successfully created results communications channel
10/20/2021 11:32:58 Exiting InitService
10/20/2021 11:32:58 *****Stopping SUService logging*****



10/20/2021 11:33:25 Returning to OS: 0

10/20/2021 11:33:25 *****Stopping SUService logging*****



10/20/2021 11:34:29 Entered ServiceMain
10/20/2021 11:34:29 Entered InitService
10/20/2021 11:34:29 Successfully created commands communications channel
10/20/2021 11:34:29 Successfully created results communications channel
10/20/2021 11:34:29 Exiting InitService
10/20/2021 11:34:29 *****Stopping SUService logging*****



11/10/2021 15:14:12 Returning to OS: 0

11/10/2021 15:14:12 *****Stopping SUService logging*****



11/10/2021 15:14:58 Entered ServiceMain
11/10/2021 15:14:58 Entered InitService
11/10/2021 15:14:58 Successfully created commands communications channel
11/10/2021 15:14:58 Successfully created results communications channel
11/10/2021 15:14:58 Exiting InitService
11/10/2021 15:14:58 *****Stopping SUService logging*****



11/11/2021 17:02:39 Returning to OS: 0

11/11/2021 17:02:39 *****Stopping SUService logging*****



11/11/2021 17:03:21 Entered ServiceMain
11/11/2021 17:03:21 Entered InitService
11/11/2021 17:03:21 Successfully created commands communications channel
11/11/2021 17:03:21 Successfully created results communications channel
11/11/2021 17:03:21 Exiting InitService
11/11/2021 17:03:21 *****Stopping SUService logging*****



11/11/2021 17:03:21 Returning to OS: 0

11/11/2021 17:03:21 *****Stopping SUService logging*****



11/12/2021 08:24:23 Entered ServiceMain
11/12/2021 08:24:23 Entered InitService
11/12/2021 08:24:23 Successfully created commands communications channel
11/12/2021 08:24:23 Successfully created results communications channel
11/12/2021 08:24:23 Exiting InitService
11/12/2021 08:24:23 *****Stopping SUService logging*****



11/16/2021 17:05:18 Returning to OS: 0

11/16/2021 17:05:18 *****Stopping SUService logging*****



11/17/2021 08:02:18 Entered ServiceMain
11/17/2021 08:02:18 Entered InitService
11/17/2021 08:02:18 Successfully created commands communications channel
11/17/2021 08:02:18 Successfully created results communications channel
11/17/2021 08:02:18 Exiting InitService
11/17/2021 08:02:18 *****Stopping SUService logging*****



11/19/2021 17:31:30 Returning to OS: 0

11/19/2021 17:31:30 *****Stopping SUService logging*****



11/19/2021 17:32:12 Entered ServiceMain
11/19/2021 17:32:12 Entered InitService
11/19/2021 17:32:12 Successfully created commands communications channel
11/19/2021 17:32:12 Successfully created results communications channel
11/19/2021 17:32:12 Exiting InitService
11/19/2021 17:32:12 *****Stopping SUService logging*****



11/19/2021 17:32:13 Returning to OS: 0

11/19/2021 17:32:13 *****Stopping SUService logging*****



11/22/2021 07:59:47 Entered ServiceMain
11/22/2021 07:59:47 Entered InitService
11/22/2021 07:59:47 Successfully created commands communications channel
11/22/2021 07:59:47 Successfully created results communications channel
11/22/2021 07:59:47 Exiting InitService
11/22/2021 07:59:47 *****Stopping SUService logging*****



11/24/2021 17:05:18 Returning to OS: 0

11/24/2021 17:05:18 *****Stopping SUService logging*****



11/24/2021 17:05:57 Entered ServiceMain
11/24/2021 17:05:57 Entered InitService
11/24/2021 17:05:57 Successfully created commands communications channel
11/24/2021 17:05:57 Successfully created results communications channel
11/24/2021 17:05:57 Exiting InitService
11/24/2021 17:05:57 *****Stopping SUService logging*****



11/24/2021 17:05:57 Returning to OS: 0

11/24/2021 17:05:57 *****Stopping SUService logging*****



11/25/2021 07:54:16 Entered ServiceMain
11/25/2021 07:54:16 Entered InitService
11/25/2021 07:54:16 Successfully created commands communications channel
11/25/2021 07:54:16 Successfully created results communications channel
11/25/2021 07:54:16 Exiting InitService
11/25/2021 07:54:16 *****Stopping SUService logging*****



11/29/2021 13:38:07 Returning to OS: 0

11/29/2021 13:38:07 *****Stopping SUService logging*****



11/29/2021 13:38:48 Entered ServiceMain
11/29/2021 13:38:48 Entered InitService
11/29/2021 13:38:48 Successfully created commands communications channel
11/29/2021 13:38:48 Successfully created results communications channel
11/29/2021 13:38:48 Exiting InitService
11/29/2021 13:38:48 *****Stopping SUService logging*****



12/08/2021 13:12:42 Returning to OS: 0

12/08/2021 13:12:42 *****Stopping SUService logging*****



12/08/2021 13:13:24 Entered ServiceMain
12/08/2021 13:13:24 Entered InitService
12/08/2021 13:13:24 Successfully created commands communications channel
12/08/2021 13:13:24 Successfully created results communications channel
12/08/2021 13:13:24 Exiting InitService
12/08/2021 13:13:24 *****Stopping SUService logging*****



12/08/2021 13:33:53 Returning to OS: 0

12/08/2021 13:33:53 *****Stopping SUService logging*****



12/08/2021 13:34:31 Entered ServiceMain
12/08/2021 13:34:31 Entered InitService
12/08/2021 13:34:31 Successfully created commands communications channel
12/08/2021 13:34:31 Successfully created results communications channel
12/08/2021 13:34:31 Exiting InitService
12/08/2021 13:34:31 *****Stopping SUService logging*****



12/16/2021 13:43:35 Returning to OS: 0

12/16/2021 13:43:35 *****Stopping SUService logging*****



12/16/2021 13:44:19 Entered ServiceMain
12/16/2021 13:44:19 Entered InitService
12/16/2021 13:44:19 Successfully created commands communications channel
12/16/2021 13:44:19 Successfully created results communications channel
12/16/2021 13:44:19 Exiting InitService
12/16/2021 13:44:19 *****Stopping SUService logging*****



01/03/2022 17:07:09 Returning to OS: 0

01/03/2022 17:07:09 *****Stopping SUService logging*****



01/03/2022 17:07:54 Entered ServiceMain
01/03/2022 17:07:54 Entered InitService
01/03/2022 17:07:54 Successfully created commands communications channel
01/03/2022 17:07:54 Successfully created results communications channel
01/03/2022 17:07:54 Exiting InitService
01/03/2022 17:07:54 *****Stopping SUService logging*****



01/03/2022 17:09:36 Returning to OS: 0

01/03/2022 17:09:36 *****Stopping SUService logging*****



01/04/2022 08:00:47 Entered ServiceMain
01/04/2022 08:00:47 Entered InitService
01/04/2022 08:00:47 Successfully created commands communications channel
01/04/2022 08:00:47 Successfully created results communications channel
01/04/2022 08:00:47 Exiting InitService
01/04/2022 08:00:47 *****Stopping SUService logging*****



01/12/2022 17:05:23 Returning to OS: 0

01/12/2022 17:05:23 *****Stopping SUService logging*****



01/12/2022 17:06:08 Entered ServiceMain
01/12/2022 17:06:08 Entered InitService
01/12/2022 17:06:08 Successfully created commands communications channel
01/12/2022 17:06:08 Successfully created results communications channel
01/12/2022 17:06:08 Exiting InitService
01/12/2022 17:06:08 *****Stopping SUService logging*****



01/12/2022 17:06:09 Returning to OS: 0

01/12/2022 17:06:09 *****Stopping SUService logging*****



01/13/2022 08:03:20 Entered ServiceMain
01/13/2022 08:03:20 Entered InitService
01/13/2022 08:03:20 Successfully created commands communications channel
01/13/2022 08:03:20 Successfully created results communications channel
01/13/2022 08:03:20 Exiting InitService
01/13/2022 08:03:20 *****Stopping SUService logging*****



01/18/2022 17:32:16 Returning to OS: 0

01/18/2022 17:32:16 *****Stopping SUService logging*****



01/18/2022 17:32:57 Entered ServiceMain
01/18/2022 17:32:57 Entered InitService
01/18/2022 17:32:57 Successfully created commands communications channel
01/18/2022 17:32:57 Successfully created results communications channel
01/18/2022 17:32:57 Exiting InitService
01/18/2022 17:32:57 *****Stopping SUService logging*****



01/18/2022 17:33:06 Returning to OS: 0

01/18/2022 17:33:06 *****Stopping SUService logging*****



01/18/2022 17:33:39 Entered ServiceMain
01/18/2022 17:33:39 Entered InitService
01/18/2022 17:33:39 Successfully created commands communications channel
01/18/2022 17:33:39 Successfully created results communications channel
01/18/2022 17:33:39 Exiting InitService
01/18/2022 17:33:39 *****Stopping SUService logging*****



01/20/2022 17:10:34 Returning to OS: 0

01/20/2022 17:10:34 *****Stopping SUService logging*****



01/20/2022 17:11:18 Entered ServiceMain
01/20/2022 17:11:18 Entered InitService
01/20/2022 17:11:18 Successfully created commands communications channel
01/20/2022 17:11:18 Successfully created results communications channel
01/20/2022 17:11:18 Exiting InitService
01/20/2022 17:11:18 *****Stopping SUService logging*****



01/20/2022 17:11:35 Returning to OS: 0

01/20/2022 17:11:35 *****Stopping SUService logging*****



01/21/2022 08:02:52 Entered ServiceMain
01/21/2022 08:02:52 Entered InitService
01/21/2022 08:02:52 Successfully created commands communications channel
01/21/2022 08:02:52 Successfully created results communications channel
01/21/2022 08:02:52 Exiting InitService
01/21/2022 08:02:52 *****Stopping SUService logging*****



01/21/2022 11:30:56 Returning to OS: 0

01/21/2022 11:30:56 *****Stopping SUService logging*****



01/21/2022 11:31:36 Entered ServiceMain
01/21/2022 11:31:36 Entered InitService
01/21/2022 11:31:36 Successfully created commands communications channel
01/21/2022 11:31:36 Successfully created results communications channel
01/21/2022 11:31:36 Exiting InitService
01/21/2022 11:31:36 *****Stopping SUService logging*****



01/31/2022 17:12:00 Returning to OS: 0

01/31/2022 17:12:00 *****Stopping SUService logging*****



01/31/2022 17:12:41 Entered ServiceMain
01/31/2022 17:12:41 Entered InitService
01/31/2022 17:12:41 Successfully created commands communications channel
01/31/2022 17:12:41 Successfully created results communications channel
01/31/2022 17:12:41 Exiting InitService
01/31/2022 17:12:41 *****Stopping SUService logging*****



01/31/2022 17:12:42 Returning to OS: 0

01/31/2022 17:12:42 *****Stopping SUService logging*****



02/01/2022 08:02:41 Entered ServiceMain
02/01/2022 08:02:41 Entered InitService
02/01/2022 08:02:41 Successfully created commands communications channel
02/01/2022 08:02:41 Successfully created results communications channel
02/01/2022 08:02:41 Exiting InitService
02/01/2022 08:02:41 *****Stopping SUService logging*****



02/16/2022 19:33:14 Returning to OS: 0

02/16/2022 19:33:14 *****Stopping SUService logging*****



02/16/2022 19:34:01 Entered ServiceMain
02/16/2022 19:34:01 Entered InitService
02/16/2022 19:34:01 Successfully created commands communications channel
02/16/2022 19:34:01 Successfully created results communications channel
02/16/2022 19:34:01 Exiting InitService
02/16/2022 19:34:01 *****Stopping SUService logging*****



02/16/2022 19:34:49 Returning to OS: 0

02/16/2022 19:34:49 *****Stopping SUService logging*****



02/17/2022 07:58:42 Entered ServiceMain
02/17/2022 07:58:42 Entered InitService
02/17/2022 07:58:42 Successfully created commands communications channel
02/17/2022 07:58:42 Successfully created results communications channel
02/17/2022 07:58:42 Exiting InitService
02/17/2022 07:58:42 *****Stopping SUService logging*****



03/01/2022 16:59:15 Returning to OS: 0

03/01/2022 16:59:15 *****Stopping SUService logging*****



03/02/2022 07:54:47 Entered ServiceMain
03/02/2022 07:54:47 Entered InitService
03/02/2022 07:54:47 Successfully created commands communications channel
03/02/2022 07:54:47 Successfully created results communications channel
03/02/2022 07:54:47 Exiting InitService
03/02/2022 07:54:47 *****Stopping SUService logging*****



03/07/2022 15:23:07 Returning to OS: 0

03/07/2022 15:23:07 *****Stopping SUService logging*****



03/07/2022 15:23:47 Entered ServiceMain
03/07/2022 15:23:47 Entered InitService
03/07/2022 15:23:47 Successfully created commands communications channel
03/07/2022 15:23:47 Successfully created results communications channel
03/07/2022 15:23:47 Exiting InitService
03/07/2022 15:23:47 *****Stopping SUService logging*****



03/16/2022 11:03:58 Returning to OS: 0

03/16/2022 11:03:58 *****Stopping SUService logging*****



03/16/2022 11:04:39 Entered ServiceMain
03/16/2022 11:04:39 Entered InitService
03/16/2022 11:04:39 Successfully created commands communications channel
03/16/2022 11:04:39 Successfully created results communications channel
03/16/2022 11:04:39 Exiting InitService
03/16/2022 11:04:39 *****Stopping SUService logging*****



03/21/2022 17:03:57 Returning to OS: 0

03/21/2022 17:03:57 *****Stopping SUService logging*****



03/21/2022 17:04:37 Entered ServiceMain
03/21/2022 17:04:37 Entered InitService
03/21/2022 17:04:37 Successfully created commands communications channel
03/21/2022 17:04:37 Successfully created results communications channel
03/21/2022 17:04:37 Exiting InitService
03/21/2022 17:04:37 *****Stopping SUService logging*****



03/21/2022 17:04:38 Returning to OS: 0

03/21/2022 17:04:38 *****Stopping SUService logging*****



03/22/2022 07:52:07 Entered ServiceMain
03/22/2022 07:52:07 Entered InitService
03/22/2022 07:52:07 Successfully created commands communications channel
03/22/2022 07:52:07 Successfully created results communications channel
03/22/2022 07:52:07 Exiting InitService
03/22/2022 07:52:07 *****Stopping SUService logging*****



04/08/2022 14:27:49 Returning to OS: 0

04/08/2022 14:27:49 *****Stopping SUService logging*****



04/08/2022 14:28:33 Entered ServiceMain
04/08/2022 14:28:33 Entered InitService
04/08/2022 14:28:33 Successfully created commands communications channel
04/08/2022 14:28:33 Successfully created results communications channel
04/08/2022 14:28:33 Exiting InitService
04/08/2022 14:28:33 *****Stopping SUService logging*****



04/19/2022 17:05:33 Returning to OS: 0

04/19/2022 17:05:33 *****Stopping SUService logging*****



04/19/2022 17:06:15 Entered ServiceMain
04/19/2022 17:06:15 Entered InitService
04/19/2022 17:06:15 Successfully created commands communications channel
04/19/2022 17:06:15 Successfully created results communications channel
04/19/2022 17:06:15 Exiting InitService
04/19/2022 17:06:15 *****Stopping SUService logging*****



04/19/2022 17:06:21 Returning to OS: 0

04/19/2022 17:06:21 *****Stopping SUService logging*****



04/20/2022 08:04:06 Entered ServiceMain
04/20/2022 08:04:06 Entered InitService
04/20/2022 08:04:06 Successfully created commands communications channel
04/20/2022 08:04:06 Successfully created results communications channel
04/20/2022 08:04:06 Exiting InitService
04/20/2022 08:04:06 *****Stopping SUService logging*****



04/20/2022 17:16:53 Returning to OS: 0

04/20/2022 17:16:53 *****Stopping SUService logging*****



04/20/2022 17:17:35 Entered ServiceMain
04/20/2022 17:17:35 Entered InitService
04/20/2022 17:17:35 Successfully created commands communications channel
04/20/2022 17:17:35 Successfully created results communications channel
04/20/2022 17:17:35 Exiting InitService
04/20/2022 17:17:35 *****Stopping SUService logging*****



04/20/2022 17:17:58 Returning to OS: 0

04/20/2022 17:17:58 *****Stopping SUService logging*****



04/21/2022 08:00:37 Entered ServiceMain
04/21/2022 08:00:37 Entered InitService
04/21/2022 08:00:37 Successfully created commands communications channel
04/21/2022 08:00:37 Successfully created results communications channel
04/21/2022 08:00:37 Exiting InitService
04/21/2022 08:00:37 *****Stopping SUService logging*****



04/22/2022 08:07:50 Returning to OS: 0

04/22/2022 08:07:50 *****Stopping SUService logging*****



04/22/2022 08:08:30 Entered ServiceMain
04/22/2022 08:08:30 Entered InitService
04/22/2022 08:08:30 Successfully created commands communications channel
04/22/2022 08:08:30 Successfully created results communications channel
04/22/2022 08:08:30 Exiting InitService
04/22/2022 08:08:30 *****Stopping SUService logging*****



04/25/2022 11:47:48 Returning to OS: 0

04/25/2022 11:47:48 *****Stopping SUService logging*****



04/25/2022 11:48:29 Entered ServiceMain
04/25/2022 11:48:29 Entered InitService
04/25/2022 11:48:29 Successfully created commands communications channel
04/25/2022 11:48:29 Successfully created results communications channel
04/25/2022 11:48:29 Exiting InitService
04/25/2022 11:48:29 *****Stopping SUService logging*****



04/26/2022 17:13:12 Returning to OS: 0

04/26/2022 17:13:12 *****Stopping SUService logging*****



04/26/2022 17:13:54 Entered ServiceMain
04/26/2022 17:13:54 Entered InitService
04/26/2022 17:13:54 Successfully created commands communications channel
04/26/2022 17:13:54 Successfully created results communications channel
04/26/2022 17:13:54 Exiting InitService
04/26/2022 17:13:54 *****Stopping SUService logging*****



04/26/2022 17:13:55 Returning to OS: 0

04/26/2022 17:13:55 *****Stopping SUService logging*****



04/27/2022 08:02:26 Entered ServiceMain
04/27/2022 08:02:26 Entered InitService
04/27/2022 08:02:26 Successfully created commands communications channel
04/27/2022 08:02:26 Successfully created results communications channel
04/27/2022 08:02:26 Exiting InitService
04/27/2022 08:02:26 *****Stopping SUService logging*****



04/29/2022 17:22:30 Returning to OS: 0

04/29/2022 17:22:30 *****Stopping SUService logging*****



04/29/2022 17:23:09 Returning to OS: 0

04/29/2022 17:23:09 *****Stopping SUService logging*****



05/02/2022 08:01:23 Entered ServiceMain
05/02/2022 08:01:23 Entered InitService
05/02/2022 08:01:23 Successfully created commands communications channel
05/02/2022 08:01:23 Successfully created results communications channel
05/02/2022 08:01:23 Exiting InitService
05/02/2022 08:01:23 *****Stopping SUService logging*****



05/17/2022 17:13:13 Returning to OS: 0

05/17/2022 17:13:13 *****Stopping SUService logging*****



05/17/2022 17:13:55 Entered ServiceMain
05/17/2022 17:13:55 Entered InitService
05/17/2022 17:13:55 Successfully created commands communications channel
05/17/2022 17:13:55 Successfully created results communications channel
05/17/2022 17:13:55 Exiting InitService
05/17/2022 17:13:55 *****Stopping SUService logging*****



05/17/2022 17:14:03 Returning to OS: 0

05/17/2022 17:14:03 *****Stopping SUService logging*****



05/18/2022 08:02:13 Entered ServiceMain
05/18/2022 08:02:13 Entered InitService
05/18/2022 08:02:13 Successfully created commands communications channel
05/18/2022 08:02:13 Successfully created results communications channel
05/18/2022 08:02:13 Exiting InitService
05/18/2022 08:02:13 *****Stopping SUService logging*****



05/18/2022 10:48:52 Returning to OS: 0

05/18/2022 10:48:52 *****Stopping SUService logging*****



05/18/2022 10:49:32 Entered ServiceMain
05/18/2022 10:49:32 Entered InitService
05/18/2022 10:49:32 Successfully created commands communications channel
05/18/2022 10:49:32 Successfully created results communications channel
05/18/2022 10:49:32 Exiting InitService
05/18/2022 10:49:32 *****Stopping SUService logging*****



05/19/2022 22:46:53 Returning to OS: 0

05/19/2022 22:46:53 *****Stopping SUService logging*****



05/19/2022 22:47:35 Entered ServiceMain
05/19/2022 22:47:35 Entered InitService
05/19/2022 22:47:35 Successfully created commands communications channel
05/19/2022 22:47:35 Successfully created results communications channel
05/19/2022 22:47:35 Exiting InitService
05/19/2022 22:47:35 *****Stopping SUService logging*****



05/19/2022 22:48:12 Returning to OS: 0

05/19/2022 22:48:12 *****Stopping SUService logging*****



05/20/2022 08:00:29 Entered ServiceMain
05/20/2022 08:00:29 Entered InitService
05/20/2022 08:00:29 Successfully created commands communications channel
05/20/2022 08:00:29 Successfully created results communications channel
05/20/2022 08:00:29 Exiting InitService
05/20/2022 08:00:29 *****Stopping SUService logging*****



05/20/2022 17:02:48 Returning to OS: 0

05/20/2022 17:02:48 *****Stopping SUService logging*****



05/23/2022 08:10:55 Entered ServiceMain
05/23/2022 08:10:55 Entered InitService
05/23/2022 08:10:55 Successfully created commands communications channel
05/23/2022 08:10:55 Successfully created results communications channel
05/23/2022 08:10:55 Exiting InitService
05/23/2022 08:10:55 *****Stopping SUService logging*****



05/23/2022 17:02:43 Returning to OS: 0

05/23/2022 17:02:43 *****Stopping SUService logging*****



05/23/2022 17:03:17 Entered ServiceMain
05/23/2022 17:03:17 Entered InitService
05/23/2022 17:03:17 Successfully created commands communications channel
05/23/2022 17:03:17 Successfully created results communications channel
05/23/2022 17:03:17 Exiting InitService
05/23/2022 17:03:17 *****Stopping SUService logging*****



05/23/2022 17:03:25 Returning to OS: 0

05/23/2022 17:03:25 *****Stopping SUService logging*****



05/24/2022 08:03:09 Entered ServiceMain
05/24/2022 08:03:09 Entered InitService
05/24/2022 08:03:09 Successfully created commands communications channel
05/24/2022 08:03:09 Successfully created results communications channel
05/24/2022 08:03:09 Exiting InitService
05/24/2022 08:03:09 *****Stopping SUService logging*****



05/24/2022 17:10:57 Returning to OS: 0

05/24/2022 17:10:57 *****Stopping SUService logging*****



05/25/2022 08:03:48 Entered ServiceMain
05/25/2022 08:03:48 Entered InitService
05/25/2022 08:03:48 Successfully created commands communications channel
05/25/2022 08:03:48 Successfully created results communications channel
05/25/2022 08:03:48 Exiting InitService
05/25/2022 08:03:48 *****Stopping SUService logging*****



05/25/2022 17:31:10 Returning to OS: 0

05/25/2022 17:31:10 *****Stopping SUService logging*****



05/26/2022 08:04:52 Entered ServiceMain
05/26/2022 08:04:52 Entered InitService
05/26/2022 08:04:52 Successfully created commands communications channel
05/26/2022 08:04:52 Successfully created results communications channel
05/26/2022 08:04:52 Exiting InitService
05/26/2022 08:04:52 *****Stopping SUService logging*****



05/26/2022 17:04:20 Returning to OS: 0

05/26/2022 17:04:20 *****Stopping SUService logging*****



05/30/2022 08:03:15 Entered ServiceMain
05/30/2022 08:03:15 Entered InitService
05/30/2022 08:03:15 Successfully created commands communications channel
05/30/2022 08:03:15 Successfully created results communications channel
05/30/2022 08:03:15 Exiting InitService
05/30/2022 08:03:15 *****Stopping SUService logging*****



05/30/2022 16:57:52 Returning to OS: 0

05/30/2022 16:57:52 *****Stopping SUService logging*****



05/31/2022 08:06:12 Entered ServiceMain
05/31/2022 08:06:12 Entered InitService
05/31/2022 08:06:12 Successfully created commands communications channel
05/31/2022 08:06:12 Successfully created results communications channel
05/31/2022 08:06:12 Exiting InitService
05/31/2022 08:06:12 *****Stopping SUService logging*****



05/31/2022 14:25:47 Returning to OS: 0

05/31/2022 14:25:47 *****Stopping SUService logging*****



05/31/2022 14:26:27 Entered ServiceMain
05/31/2022 14:26:27 Entered InitService
05/31/2022 14:26:27 Successfully created commands communications channel
05/31/2022 14:26:27 Successfully created results communications channel
05/31/2022 14:26:27 Exiting InitService
05/31/2022 14:26:27 *****Stopping SUService logging*****



05/31/2022 17:04:27 Returning to OS: 0

05/31/2022 17:04:27 *****Stopping SUService logging*****



06/01/2022 07:57:56 Entered ServiceMain
06/01/2022 07:57:56 Entered InitService
06/01/2022 07:57:56 Successfully created commands communications channel
06/01/2022 07:57:56 Successfully created results communications channel
06/01/2022 07:57:56 Exiting InitService
06/01/2022 07:57:56 *****Stopping SUService logging*****



06/01/2022 17:27:14 Returning to OS: 0

06/01/2022 17:27:14 *****Stopping SUService logging*****



06/02/2022 08:05:50 Entered ServiceMain
06/02/2022 08:05:50 Entered InitService
06/02/2022 08:05:50 Successfully created commands communications channel
06/02/2022 08:05:50 Successfully created results communications channel
06/02/2022 08:05:50 Exiting InitService
06/02/2022 08:05:50 *****Stopping SUService logging*****



06/02/2022 15:07:19 Returning to OS: 0

06/02/2022 15:07:19 *****Stopping SUService logging*****



06/02/2022 15:08:19 Entered ServiceMain
06/02/2022 15:08:19 Entered InitService
06/02/2022 15:08:19 Successfully created commands communications channel
06/02/2022 15:08:19 Successfully created results communications channel
06/02/2022 15:08:19 Exiting InitService
06/02/2022 15:08:19 *****Stopping SUService logging*****



06/02/2022 17:03:19 Returning to OS: 0

06/02/2022 17:03:19 *****Stopping SUService logging*****



06/03/2022 08:02:35 Entered ServiceMain
06/03/2022 08:02:35 Entered InitService
06/03/2022 08:02:35 Successfully created commands communications channel
06/03/2022 08:02:35 Successfully created results communications channel
06/03/2022 08:02:35 Exiting InitService
06/03/2022 08:02:35 *****Stopping SUService logging*****



06/03/2022 15:19:38 Returning to OS: 0

06/03/2022 15:19:38 *****Stopping SUService logging*****



06/07/2022 08:02:39 Entered ServiceMain
06/07/2022 08:02:39 Entered InitService
06/07/2022 08:02:39 Successfully created commands communications channel
06/07/2022 08:02:39 Successfully created results communications channel
06/07/2022 08:02:39 Exiting InitService
06/07/2022 08:02:39 *****Stopping SUService logging*****



06/07/2022 17:21:33 Returning to OS: 0

06/07/2022 17:21:33 *****Stopping SUService logging*****



06/08/2022 08:02:59 Entered ServiceMain
06/08/2022 08:02:59 Entered InitService
06/08/2022 08:02:59 Successfully created commands communications channel
06/08/2022 08:02:59 Successfully created results communications channel
06/08/2022 08:02:59 Exiting InitService
06/08/2022 08:02:59 *****Stopping SUService logging*****



06/08/2022 17:14:43 Returning to OS: 0

06/08/2022 17:14:43 *****Stopping SUService logging*****



06/09/2022 08:04:19 Entered ServiceMain
06/09/2022 08:04:19 Entered InitService
06/09/2022 08:04:19 Successfully created commands communications channel
06/09/2022 08:04:19 Successfully created results communications channel
06/09/2022 08:04:19 Exiting InitService
06/09/2022 08:04:19 *****Stopping SUService logging*****



06/09/2022 17:20:31 Returning to OS: 0

06/09/2022 17:20:31 *****Stopping SUService logging*****



06/10/2022 08:09:29 Entered ServiceMain
06/10/2022 08:09:29 Entered InitService
06/10/2022 08:09:29 Successfully created commands communications channel
06/10/2022 08:09:29 Successfully created results communications channel
06/10/2022 08:09:29 Exiting InitService
06/10/2022 08:09:29 *****Stopping SUService logging*****



06/10/2022 17:25:07 Returning to OS: 0

06/10/2022 17:25:07 *****Stopping SUService logging*****



06/13/2022 08:01:48 Entered ServiceMain
06/13/2022 08:01:48 Entered InitService
06/13/2022 08:01:48 Successfully created commands communications channel
06/13/2022 08:01:48 Successfully created results communications channel
06/13/2022 08:01:48 Exiting InitService
06/13/2022 08:01:48 *****Stopping SUService logging*****



06/13/2022 16:02:53 Returning to OS: 0

06/13/2022 16:02:53 *****Stopping SUService logging*****



06/14/2022 08:10:03 Entered ServiceMain
06/14/2022 08:10:03 Entered InitService
06/14/2022 08:10:03 Successfully created commands communications channel
06/14/2022 08:10:03 Successfully created results communications channel
06/14/2022 08:10:03 Exiting InitService
06/14/2022 08:10:03 *****Stopping SUService logging*****



06/14/2022 17:28:42 Returning to OS: 0

06/14/2022 17:28:42 *****Stopping SUService logging*****



06/15/2022 07:58:42 Entered ServiceMain
06/15/2022 07:58:42 Entered InitService
06/15/2022 07:58:42 Successfully created commands communications channel
06/15/2022 07:58:42 Successfully created results communications channel
06/15/2022 07:58:42 Exiting InitService
06/15/2022 07:58:42 *****Stopping SUService logging*****



06/15/2022 15:58:49 Returning to OS: 0

06/15/2022 15:58:49 *****Stopping SUService logging*****



06/17/2022 08:04:17 Entered ServiceMain
06/17/2022 08:04:17 Entered InitService
06/17/2022 08:04:17 Successfully created commands communications channel
06/17/2022 08:04:17 Successfully created results communications channel
06/17/2022 08:04:17 Exiting InitService
06/17/2022 08:04:17 *****Stopping SUService logging*****



06/20/2022 17:01:04 Returning to OS: 0

06/20/2022 17:01:04 *****Stopping SUService logging*****



06/21/2022 08:02:08 Entered ServiceMain
06/21/2022 08:02:08 Entered InitService
06/21/2022 08:02:08 Successfully created commands communications channel
06/21/2022 08:02:08 Successfully created results communications channel
06/21/2022 08:02:08 Exiting InitService
06/21/2022 08:02:08 *****Stopping SUService logging*****



06/21/2022 17:36:02 Returning to OS: 0

06/21/2022 17:36:02 *****Stopping SUService logging*****



06/22/2022 08:04:57 Entered ServiceMain
06/22/2022 08:04:57 Entered InitService
06/22/2022 08:04:57 Successfully created commands communications channel
06/22/2022 08:04:57 Successfully created results communications channel
06/22/2022 08:04:57 Exiting InitService
06/22/2022 08:04:57 *****Stopping SUService logging*****



06/22/2022 17:28:52 Returning to OS: 0

06/22/2022 17:28:52 *****Stopping SUService logging*****



06/22/2022 17:29:36 Entered ServiceMain
06/22/2022 17:29:36 Entered InitService
06/22/2022 17:29:36 Successfully created commands communications channel
06/22/2022 17:29:36 Successfully created results communications channel
06/22/2022 17:29:36 Exiting InitService
06/22/2022 17:29:36 *****Stopping SUService logging*****



06/22/2022 17:30:13 Returning to OS: 0

06/22/2022 17:30:13 *****Stopping SUService logging*****



06/23/2022 07:57:45 Entered ServiceMain
06/23/2022 07:57:45 Entered InitService
06/23/2022 07:57:45 Successfully created commands communications channel
06/23/2022 07:57:45 Successfully created results communications channel
06/23/2022 07:57:45 Exiting InitService
06/23/2022 07:57:45 *****Stopping SUService logging*****



06/23/2022 17:10:11 Returning to OS: 0

06/23/2022 17:10:11 *****Stopping SUService logging*****



06/24/2022 08:02:37 Entered ServiceMain
06/24/2022 08:02:37 Entered InitService
06/24/2022 08:02:37 Successfully created commands communications channel
06/24/2022 08:02:37 Successfully created results communications channel
06/24/2022 08:02:37 Exiting InitService
06/24/2022 08:02:37 *****Stopping SUService logging*****



06/24/2022 16:55:13 Returning to OS: 0

06/24/2022 16:55:13 *****Stopping SUService logging*****



06/27/2022 07:54:52 Entered ServiceMain
06/27/2022 07:54:52 Entered InitService
06/27/2022 07:54:52 Successfully created commands communications channel
06/27/2022 07:54:52 Successfully created results communications channel
06/27/2022 07:54:52 Exiting InitService
06/27/2022 07:54:52 *****Stopping SUService logging*****



06/27/2022 17:09:04 Returning to OS: 0

06/27/2022 17:09:04 *****Stopping SUService logging*****



06/28/2022 08:00:27 Entered ServiceMain
06/28/2022 08:00:27 Entered InitService
06/28/2022 08:00:27 Successfully created commands communications channel
06/28/2022 08:00:27 Successfully created results communications channel
06/28/2022 08:00:27 Exiting InitService
06/28/2022 08:00:27 *****Stopping SUService logging*****



06/28/2022 17:06:19 Returning to OS: 0

06/28/2022 17:06:19 *****Stopping SUService logging*****



06/29/2022 08:04:31 Entered ServiceMain
06/29/2022 08:04:31 Entered InitService
06/29/2022 08:04:31 Successfully created commands communications channel
06/29/2022 08:04:31 Successfully created results communications channel
06/29/2022 08:04:31 Exiting InitService
06/29/2022 08:04:31 *****Stopping SUService logging*****



06/29/2022 17:02:47 Returning to OS: 0

06/29/2022 17:02:47 *****Stopping SUService logging*****



06/30/2022 07:56:52 Entered ServiceMain
06/30/2022 07:56:52 Entered InitService
06/30/2022 07:56:52 Successfully created commands communications channel
06/30/2022 07:56:52 Successfully created results communications channel
06/30/2022 07:56:52 Exiting InitService
06/30/2022 07:56:52 *****Stopping SUService logging*****



06/30/2022 17:06:58 Returning to OS: 0

06/30/2022 17:06:58 *****Stopping SUService logging*****



07/04/2022 08:02:55 Entered ServiceMain
07/04/2022 08:02:55 Entered InitService
07/04/2022 08:02:55 Successfully created commands communications channel
07/04/2022 08:02:55 Successfully created results communications channel
07/04/2022 08:02:55 Exiting InitService
07/04/2022 08:02:55 *****Stopping SUService logging*****



07/04/2022 17:03:18 Returning to OS: 0

07/04/2022 17:03:18 *****Stopping SUService logging*****



07/05/2022 08:17:50 Entered ServiceMain
07/05/2022 08:17:50 Entered InitService
07/05/2022 08:17:50 Successfully created commands communications channel
07/05/2022 08:17:50 Successfully created results communications channel
07/05/2022 08:17:50 Exiting InitService
07/05/2022 08:17:50 *****Stopping SUService logging*****



07/05/2022 17:13:27 Returning to OS: 0

07/05/2022 17:13:27 *****Stopping SUService logging*****



07/06/2022 08:02:25 Entered ServiceMain
07/06/2022 08:02:25 Entered InitService
07/06/2022 08:02:25 Successfully created commands communications channel
07/06/2022 08:02:25 Successfully created results communications channel
07/06/2022 08:02:25 Exiting InitService
07/06/2022 08:02:25 *****Stopping SUService logging*****



07/06/2022 17:22:35 Returning to OS: 0

07/06/2022 17:22:35 *****Stopping SUService logging*****



07/07/2022 08:01:21 Entered ServiceMain
07/07/2022 08:01:21 Entered InitService
07/07/2022 08:01:21 Successfully created commands communications channel
07/07/2022 08:01:21 Successfully created results communications channel
07/07/2022 08:01:21 Exiting InitService
07/07/2022 08:01:21 *****Stopping SUService logging*****



07/07/2022 17:31:34 Returning to OS: 0

07/07/2022 17:31:34 *****Stopping SUService logging*****



07/07/2022 17:32:12 Entered ServiceMain
07/07/2022 17:32:12 Entered InitService
07/07/2022 17:32:12 Successfully created commands communications channel
07/07/2022 17:32:12 Successfully created results communications channel
07/07/2022 17:32:12 Exiting InitService
07/07/2022 17:32:12 *****Stopping SUService logging*****



07/07/2022 17:32:14 Returning to OS: 0

07/07/2022 17:32:14 *****Stopping SUService logging*****



07/08/2022 08:02:57 Entered ServiceMain
07/08/2022 08:02:57 Entered InitService
07/08/2022 08:02:57 Successfully created commands communications channel
07/08/2022 08:02:57 Successfully created results communications channel
07/08/2022 08:02:57 Exiting InitService
07/08/2022 08:02:57 *****Stopping SUService logging*****



07/08/2022 17:05:55 Returning to OS: 0

07/08/2022 17:05:55 *****Stopping SUService logging*****



07/11/2022 08:00:31 Entered ServiceMain
07/11/2022 08:00:31 Entered InitService
07/11/2022 08:00:31 Successfully created commands communications channel
07/11/2022 08:00:31 Successfully created results communications channel
07/11/2022 08:00:31 Exiting InitService
07/11/2022 08:00:31 *****Stopping SUService logging*****



07/11/2022 17:03:14 Returning to OS: 0

07/11/2022 17:03:14 *****Stopping SUService logging*****



07/12/2022 08:06:27 Entered ServiceMain
07/12/2022 08:06:27 Entered InitService
07/12/2022 08:06:27 Successfully created commands communications channel
07/12/2022 08:06:27 Successfully created results communications channel
07/12/2022 08:06:27 Exiting InitService
07/12/2022 08:06:27 *****Stopping SUService logging*****



07/12/2022 16:58:11 Returning to OS: 0

07/12/2022 16:58:11 *****Stopping SUService logging*****



07/18/2022 07:57:26 Entered ServiceMain
07/18/2022 07:57:26 Entered InitService
07/18/2022 07:57:26 Successfully created commands communications channel
07/18/2022 07:57:26 Successfully created results communications channel
07/18/2022 07:57:26 Exiting InitService
07/18/2022 07:57:26 *****Stopping SUService logging*****



07/18/2022 18:06:08 Returning to OS: 0

07/18/2022 18:06:08 *****Stopping SUService logging*****



07/18/2022 18:06:50 Entered ServiceMain
07/18/2022 18:06:50 Entered InitService
07/18/2022 18:06:50 Successfully created commands communications channel
07/18/2022 18:06:50 Successfully created results communications channel
07/18/2022 18:06:50 Exiting InitService
07/18/2022 18:06:50 *****Stopping SUService logging*****



07/18/2022 18:07:08 Returning to OS: 0

07/18/2022 18:07:08 *****Stopping SUService logging*****



07/19/2022 08:05:11 Entered ServiceMain
07/19/2022 08:05:11 Entered InitService
07/19/2022 08:05:11 Successfully created commands communications channel
07/19/2022 08:05:11 Successfully created results communications channel
07/19/2022 08:05:11 Exiting InitService
07/19/2022 08:05:11 *****Stopping SUService logging*****



07/19/2022 18:30:27 Returning to OS: 0

07/19/2022 18:30:27 *****Stopping SUService logging*****



07/20/2022 08:07:19 Entered ServiceMain
07/20/2022 08:07:19 Entered InitService
07/20/2022 08:07:19 Successfully created commands communications channel
07/20/2022 08:07:19 Successfully created results communications channel
07/20/2022 08:07:19 Exiting InitService
07/20/2022 08:07:19 *****Stopping SUService logging*****



07/20/2022 18:00:48 Returning to OS: 0

07/20/2022 18:00:48 *****Stopping SUService logging*****



07/21/2022 08:10:31 Entered ServiceMain
07/21/2022 08:10:31 Entered InitService
07/21/2022 08:10:31 Successfully created commands communications channel
07/21/2022 08:10:31 Successfully created results communications channel
07/21/2022 08:10:31 Exiting InitService
07/21/2022 08:10:31 *****Stopping SUService logging*****



07/21/2022 17:09:47 Returning to OS: 0

07/21/2022 17:09:47 *****Stopping SUService logging*****



07/22/2022 08:03:34 Entered ServiceMain
07/22/2022 08:03:34 Entered InitService
07/22/2022 08:03:34 Successfully created commands communications channel
07/22/2022 08:03:34 Successfully created results communications channel
07/22/2022 08:03:34 Exiting InitService
07/22/2022 08:03:34 *****Stopping SUService logging*****



07/22/2022 18:19:35 Returning to OS: 0

07/22/2022 18:19:35 *****Stopping SUService logging*****



08/01/2022 07:58:44 Entered ServiceMain
08/01/2022 07:58:44 Entered InitService
08/01/2022 07:58:44 Successfully created commands communications channel
08/01/2022 07:58:44 Successfully created results communications channel
08/01/2022 07:58:44 Exiting InitService
08/01/2022 07:58:44 *****Stopping SUService logging*****



08/01/2022 16:43:08 Returning to OS: 0

08/01/2022 16:43:08 *****Stopping SUService logging*****



08/02/2022 07:34:07 Entered ServiceMain
08/02/2022 07:34:07 Entered InitService
08/02/2022 07:34:07 Successfully created commands communications channel
08/02/2022 07:34:07 Successfully created results communications channel
08/02/2022 07:34:07 Exiting InitService
08/02/2022 07:34:07 *****Stopping SUService logging*****



08/02/2022 19:47:38 Returning to OS: 0

08/02/2022 19:47:38 *****Stopping SUService logging*****



08/03/2022 07:01:27 Entered ServiceMain
08/03/2022 07:01:27 Entered InitService
08/03/2022 07:01:27 Successfully created commands communications channel
08/03/2022 07:01:27 Successfully created results communications channel
08/03/2022 07:01:27 Exiting InitService
08/03/2022 07:01:27 *****Stopping SUService logging*****



08/03/2022 17:24:22 Returning to OS: 0

08/03/2022 17:24:22 *****Stopping SUService logging*****



08/04/2022 07:01:10 Entered ServiceMain
08/04/2022 07:01:10 Entered InitService
08/04/2022 07:01:10 Successfully created commands communications channel
08/04/2022 07:01:10 Successfully created results communications channel
08/04/2022 07:01:10 Exiting InitService
08/04/2022 07:01:10 *****Stopping SUService logging*****



08/04/2022 17:57:42 Returning to OS: 0

08/04/2022 17:57:42 *****Stopping SUService logging*****



08/04/2022 17:58:22 Entered ServiceMain
08/04/2022 17:58:22 Entered InitService
08/04/2022 17:58:22 Successfully created commands communications channel
08/04/2022 17:58:22 Successfully created results communications channel
08/04/2022 17:58:22 Exiting InitService
08/04/2022 17:58:22 *****Stopping SUService logging*****



08/04/2022 17:58:22 Returning to OS: 0

08/04/2022 17:58:22 *****Stopping SUService logging*****



08/05/2022 08:00:12 Entered ServiceMain
08/05/2022 08:00:12 Entered InitService
08/05/2022 08:00:12 Successfully created commands communications channel
08/05/2022 08:00:12 Successfully created results communications channel
08/05/2022 08:00:12 Exiting InitService
08/05/2022 08:00:12 *****Stopping SUService logging*****



08/05/2022 12:12:03 Returning to OS: 0

08/05/2022 12:12:03 *****Stopping SUService logging*****



08/08/2022 07:55:47 Entered ServiceMain
08/08/2022 07:55:47 Entered InitService
08/08/2022 07:55:47 Successfully created commands communications channel
08/08/2022 07:55:47 Successfully created results communications channel
08/08/2022 07:55:47 Exiting InitService
08/08/2022 07:55:47 *****Stopping SUService logging*****



08/08/2022 17:12:57 Returning to OS: 0

08/08/2022 17:12:57 *****Stopping SUService logging*****



08/09/2022 08:07:30 Entered ServiceMain
08/09/2022 08:07:30 Entered InitService
08/09/2022 08:07:30 Successfully created commands communications channel
08/09/2022 08:07:30 Successfully created results communications channel
08/09/2022 08:07:30 Exiting InitService
08/09/2022 08:07:30 *****Stopping SUService logging*****



08/10/2022 07:38:05 Entered ServiceMain
08/10/2022 07:38:05 Entered InitService
08/10/2022 07:38:05 Successfully created commands communications channel
08/10/2022 07:38:05 Successfully created results communications channel
08/10/2022 07:38:05 Exiting InitService
08/10/2022 07:38:05 *****Stopping SUService logging*****



08/10/2022 07:43:05 Returning to OS: 0

08/10/2022 07:43:05 *****Stopping SUService logging*****



08/10/2022 08:13:54 Entered ServiceMain
08/10/2022 08:13:54 Entered InitService
08/10/2022 08:13:54 Successfully created commands communications channel
08/10/2022 08:13:54 Successfully created results communications channel
08/10/2022 08:13:54 Exiting InitService
08/10/2022 08:13:54 *****Stopping SUService logging*****



08/10/2022 16:58:46 Returning to OS: 0

08/10/2022 16:58:46 *****Stopping SUService logging*****



08/10/2022 16:59:24 Entered ServiceMain
08/10/2022 16:59:24 Entered InitService
08/10/2022 16:59:24 Successfully created commands communications channel
08/10/2022 16:59:24 Successfully created results communications channel
08/10/2022 16:59:24 Exiting InitService
08/10/2022 16:59:24 *****Stopping SUService logging*****



08/10/2022 17:00:05 Returning to OS: 0

08/10/2022 17:00:05 *****Stopping SUService logging*****



08/11/2022 08:00:12 Entered ServiceMain
08/11/2022 08:00:12 Entered InitService
08/11/2022 08:00:12 Successfully created commands communications channel
08/11/2022 08:00:12 Successfully created results communications channel
08/11/2022 08:00:12 Exiting InitService
08/11/2022 08:00:12 *****Stopping SUService logging*****



08/11/2022 16:45:53 Returning to OS: 0

08/11/2022 16:45:53 *****Stopping SUService logging*****



08/12/2022 08:02:34 Entered ServiceMain
08/12/2022 08:02:34 Entered InitService
08/12/2022 08:02:34 Successfully created commands communications channel
08/12/2022 08:02:34 Successfully created results communications channel
08/12/2022 08:02:34 Exiting InitService
08/12/2022 08:02:34 *****Stopping SUService logging*****



08/12/2022 17:03:36 Returning to OS: 0

08/12/2022 17:03:36 *****Stopping SUService logging*****



08/15/2022 08:02:55 Entered ServiceMain
08/15/2022 08:02:55 Entered InitService
08/15/2022 08:02:55 Successfully created commands communications channel
08/15/2022 08:02:55 Successfully created results communications channel
08/15/2022 08:02:55 Exiting InitService
08/15/2022 08:02:55 *****Stopping SUService logging*****



08/15/2022 16:55:19 Returning to OS: 0

08/15/2022 16:55:19 *****Stopping SUService logging*****



08/16/2022 07:59:34 Entered ServiceMain
08/16/2022 07:59:34 Entered InitService
08/16/2022 07:59:34 Successfully created commands communications channel
08/16/2022 07:59:34 Successfully created results communications channel
08/16/2022 07:59:34 Exiting InitService
08/16/2022 07:59:34 *****Stopping SUService logging*****



08/16/2022 17:01:59 Returning to OS: 0

08/16/2022 17:01:59 *****Stopping SUService logging*****



08/17/2022 07:59:10 Entered ServiceMain
08/17/2022 07:59:10 Entered InitService
08/17/2022 07:59:10 Successfully created commands communications channel
08/17/2022 07:59:10 Successfully created results communications channel
08/17/2022 07:59:10 Exiting InitService
08/17/2022 07:59:10 *****Stopping SUService logging*****



08/17/2022 17:28:01 Returning to OS: 0

08/17/2022 17:28:01 *****Stopping SUService logging*****



08/18/2022 07:59:32 Entered ServiceMain
08/18/2022 07:59:32 Entered InitService
08/18/2022 07:59:32 Successfully created commands communications channel
08/18/2022 07:59:32 Successfully created results communications channel
08/18/2022 07:59:32 Exiting InitService
08/18/2022 07:59:32 *****Stopping SUService logging*****



08/18/2022 17:23:57 Returning to OS: 0

08/18/2022 17:23:57 *****Stopping SUService logging*****



08/19/2022 07:59:47 Entered ServiceMain
08/19/2022 07:59:47 Entered InitService
08/19/2022 07:59:47 Successfully created commands communications channel
08/19/2022 07:59:47 Successfully created results communications channel
08/19/2022 07:59:47 Exiting InitService
08/19/2022 07:59:47 *****Stopping SUService logging*****



08/19/2022 17:25:49 Returning to OS: 0

08/19/2022 17:25:49 *****Stopping SUService logging*****



08/22/2022 08:02:38 Entered ServiceMain
08/22/2022 08:02:38 Entered InitService
08/22/2022 08:02:38 Successfully created commands communications channel
08/22/2022 08:02:38 Successfully created results communications channel
08/22/2022 08:02:38 Exiting InitService
08/22/2022 08:02:38 *****Stopping SUService logging*****



08/22/2022 17:30:43 Returning to OS: 0

08/22/2022 17:30:43 *****Stopping SUService logging*****



08/23/2022 11:54:26 Entered ServiceMain
08/23/2022 11:54:26 Entered InitService
08/23/2022 11:54:26 Successfully created commands communications channel
08/23/2022 11:54:26 Successfully created results communications channel
08/23/2022 11:54:26 Exiting InitService
08/23/2022 11:54:26 *****Stopping SUService logging*****



08/23/2022 17:11:47 Returning to OS: 0

08/23/2022 17:11:47 *****Stopping SUService logging*****



08/24/2022 08:46:10 Entered ServiceMain
08/24/2022 08:46:10 Entered InitService
08/24/2022 08:46:10 Successfully created commands communications channel
08/24/2022 08:46:10 Successfully created results communications channel
08/24/2022 08:46:10 Exiting InitService
08/24/2022 08:46:10 *****Stopping SUService logging*****



08/24/2022 17:16:38 Returning to OS: 0

08/24/2022 17:16:38 *****Stopping SUService logging*****



08/25/2022 08:04:36 Entered ServiceMain
08/25/2022 08:04:36 Entered InitService
08/25/2022 08:04:36 Successfully created commands communications channel
08/25/2022 08:04:36 Successfully created results communications channel
08/25/2022 08:04:36 Exiting InitService
08/25/2022 08:04:36 *****Stopping SUService logging*****



08/25/2022 16:54:51 Returning to OS: 0

08/25/2022 16:54:51 *****Stopping SUService logging*****



08/25/2022 16:55:35 Entered ServiceMain
08/25/2022 16:55:35 Entered InitService
08/25/2022 16:55:35 Successfully created commands communications channel
08/25/2022 16:55:35 Successfully created results communications channel
08/25/2022 16:55:35 Exiting InitService
08/25/2022 16:55:35 *****Stopping SUService logging*****



08/25/2022 17:50:50 Returning to OS: 0

08/25/2022 17:50:50 *****Stopping SUService logging*****



08/26/2022 08:07:28 Entered ServiceMain
08/26/2022 08:07:28 Entered InitService
08/26/2022 08:07:28 Successfully created commands communications channel
08/26/2022 08:07:28 Successfully created results communications channel
08/26/2022 08:07:28 Exiting InitService
08/26/2022 08:07:28 *****Stopping SUService logging*****



08/26/2022 17:17:46 Returning to OS: 0

08/26/2022 17:17:46 *****Stopping SUService logging*****



08/29/2022 08:01:08 Entered ServiceMain
08/29/2022 08:01:08 Entered InitService
08/29/2022 08:01:08 Successfully created commands communications channel
08/29/2022 08:01:08 Successfully created results communications channel
08/29/2022 08:01:08 Exiting InitService
08/29/2022 08:01:08 *****Stopping SUService logging*****



08/29/2022 12:51:07 Returning to OS: 0

08/29/2022 12:51:07 *****Stopping SUService logging*****



08/29/2022 12:51:57 Entered ServiceMain
08/29/2022 12:51:57 Entered InitService
08/29/2022 12:51:57 Successfully created commands communications channel
08/29/2022 12:51:57 Successfully created results communications channel
08/29/2022 12:51:57 Exiting InitService
08/29/2022 12:51:57 *****Stopping SUService logging*****



08/29/2022 17:45:37 Returning to OS: 0

08/29/2022 17:45:37 *****Stopping SUService logging*****



08/29/2022 17:46:19 Entered ServiceMain
08/29/2022 17:46:19 Entered InitService
08/29/2022 17:46:19 Successfully created commands communications channel
08/29/2022 17:46:19 Successfully created results communications channel
08/29/2022 17:46:19 Exiting InitService
08/29/2022 17:46:19 *****Stopping SUService logging*****



08/29/2022 17:46:22 Returning to OS: 0

08/29/2022 17:46:22 *****Stopping SUService logging*****



08/30/2022 07:59:47 Entered ServiceMain
08/30/2022 07:59:47 Entered InitService
08/30/2022 07:59:47 Successfully created commands communications channel
08/30/2022 07:59:47 Successfully created results communications channel
08/30/2022 07:59:47 Exiting InitService
08/30/2022 07:59:47 *****Stopping SUService logging*****



08/30/2022 17:06:26 Returning to OS: 0

08/30/2022 17:06:26 *****Stopping SUService logging*****



08/31/2022 07:59:19 Entered ServiceMain
08/31/2022 07:59:19 Entered InitService
08/31/2022 07:59:19 Successfully created commands communications channel
08/31/2022 07:59:19 Successfully created results communications channel
08/31/2022 07:59:19 Exiting InitService
08/31/2022 07:59:19 *****Stopping SUService logging*****



08/31/2022 17:04:11 Returning to OS: 0

08/31/2022 17:04:11 *****Stopping SUService logging*****



09/01/2022 08:50:31 Entered ServiceMain
09/01/2022 08:50:31 Entered InitService
09/01/2022 08:50:31 Successfully created commands communications channel
09/01/2022 08:50:31 Successfully created results communications channel
09/01/2022 08:50:31 Exiting InitService
09/01/2022 08:50:31 *****Stopping SUService logging*****



